#
# There is insufficient memory for the Java Runtime Environment to continue.
# Native memory allocation (malloc) failed to allocate 8072 bytes for AllocateHeap
# Possible reasons:
#   The system is out of physical RAM or swap space
#   The process is running with CompressedOops enabled, and the Java Heap may be blocking the growth of the native heap
# Possible solutions:
#   Reduce memory load on the system
#   Increase physical memory or swap space
#   Check if swap backing store is full
#   Decrease Java heap size (-Xmx/-Xms)
#   Decrease number of Java threads
#   Decrease Java thread stack sizes (-Xss)
#   Set larger code cache with -XX:ReservedCodeCacheSize=
#   JVM is running with Unscaled Compressed Oops mode in which the Java heap is
#     placed in the first 4GB address space. The Java Heap base address is the
#     maximum limit for the native heap growth. Please use -XX:HeapBaseMinAddress
#     to set the Java Heap base and to place the Java Heap above 4GB virtual address.
# This output file may be truncated or incomplete.
#
#  Out of Memory Error (t:/workspace/open/src/hotspot/share/memory/allocation.cpp:45), pid=6748, tid=608
#
# JRE version:  (13.0.2+8) (build )
# Java VM: Java HotSpot(TM) 64-Bit Server VM (13.0.2+8, mixed mode, tiered, compressed oops, g1 gc, windows-amd64)
# No core dump will be written. Minidumps are not enabled by default on client versions of Windows
#

---------------  S U M M A R Y ------------

Command Line: -ea -Didea.test.cyclic.buffer.size=1048576 -javaagent:C:\Program Files\JetBrains\IntelliJ IDEA 2019.3.1\lib\idea_rt.jar=63434:C:\Program Files\JetBrains\IntelliJ IDEA 2019.3.1\bin -Dfile.encoding=UTF-8 com.intellij.rt.junit.JUnitStarter -ideVersion5 -junit5 com.codingstudy.login.components.JwtTokenUtilTest,generateToken

Host: Intel(R) Core(TM) i5-4460  CPU @ 3.20GHz, 4 cores, 7G,  Windows 7 , 64 bit Build 7601 (6.1.7601.18409)
Time: Tue Mar  3 22:05:20 2020 ?D1ú±ê×?ê±?? elapsed time: 0 seconds (0d 0h 0m 0s)

---------------  T H R E A D  ---------------

Current thread (0x000000000029f800):  JavaThread "Unknown thread" [_thread_in_vm, id=608, stack(0x0000000002200000,0x0000000002300000)]

Stack: [0x0000000002200000,0x0000000002300000]
Native frames: (J=compiled Java code, j=interpreted, Vv=VM code, C=native code)
V  [jvm.dll+0x624f9a]
V  [jvm.dll+0x770cfa]
V  [jvm.dll+0x7724af]
V  [jvm.dll+0x772ab3]
V  [jvm.dll+0x24bf08]
V  [jvm.dll+0xb8caa]
V  [jvm.dll+0x2b3403]
V  [jvm.dll+0x655044]
V  [jvm.dll+0x6faf80]
V  [jvm.dll+0x74c56e]
V  [jvm.dll+0x74dca8]
V  [jvm.dll+0x3619c0]
V  [jvm.dll+0x730e65]
V  [jvm.dll+0x3cc53f]
V  [jvm.dll+0x3ce861]
C  [jli.dll+0x51ff]
C  [ucrtbase.DLL+0x203ba]
C  [kernel32.dll+0x159ed]
C  [ntdll.dll+0x2c541]


---------------  P R O C E S S  ---------------

Threads class SMR info:
_java_thread_list=0x000007fed475ccb8, length=0, elements={
}

Java Threads: ( => current thread )

Other Threads:
  0x00000000002e2800 GCTaskThread "GC Thread#0" [stack: 0x000000001ee80000,0x000000001ef80000] [id=9528]
  0x00000000002f4000 ConcurrentGCThread "G1 Main Marker" [stack: 0x000000001f0a0000,0x000000001f1a0000] [id=8504]
  0x00000000002f5000 ConcurrentGCThread "G1 Conc#0" [stack: 0x000000001f2d0000,0x000000001f3d0000] [id=3392]
  0x000000002165e800 ConcurrentGCThread "G1 Refine#0" [stack: 0x00000000217f0000,0x00000000218f0000] [id=9948]
  0x0000000021664000 ConcurrentGCThread "G1 Young RemSet Sampling" [stack: 0x0000000021aa0000,0x0000000021ba0000] [id=4240]

=>0x000000000029f800 (exited) JavaThread "Unknown thread" [_thread_in_vm, id=608, stack(0x0000000002200000,0x0000000002300000)]

Threads with active compile tasks:

VM state:not at safepoint (not fully initialized)

VM Mutex/Monitor currently owned by a thread: None

Heap address: 0x0000000081e00000, size: 2018 MB, Compressed Oops mode: 32-bit
Narrow klass base: 0x0000000000000000, Narrow klass shift: 0
Compressed class space size: 1073741824 Address: 0x0000000021ba0000

GC Heap History (0 events):
No events

Deoptimization events (0 events):
No events

Classes unloaded (0 events):
No events

Classes redefined (0 events):
No events

Internal exceptions (0 events):
No events

Events (8 events):
Event: 0.005 Loaded shared library C:\Program Files\Java\jdk-13.0.2\bin\zip.dll
Event: 0.005 Loaded shared library C:\Program Files\Java\jdk-13.0.2\bin\jimage.dll
Event: 0.006 Loading shared library C:\Program Files\Java\jdk-13.0.2\lib\libjava.base-coop.dll failed, error code 126
Event: 0.006 Loading shared library C:\Program Files\Java\jdk-13.0.2\lib\libjava.logging-coop.dll failed, error code 126
Event: 0.006 Loading shared library C:\Program Files\Java\jdk-13.0.2\lib\libjdk.compiler-coop.dll failed, error code 126
Event: 0.006 Loading shared library C:\Program Files\Java\jdk-13.0.2\lib\libjdk.scripting.nashorn-coop.dll failed, error code 126
Event: 0.006 Loading shared library C:\Program Files\Java\jdk-13.0.2\lib\libjdk.internal.vm.ci-coop.dll failed, error code 126
Event: 0.006 Loading shared library C:\Program Files\Java\jdk-13.0.2\lib\libjdk.internal.vm.compiler-coop.dll failed, error code 126


Dynamic libraries:
0x000000013f340000 - 0x000000013f34f000 	C:\Program Files\Java\jdk-13.0.2\bin\java.exe
0x0000000077520000 - 0x00000000776c9000 	C:\Windows\SYSTEM32\ntdll.dll
0x0000000077400000 - 0x000000007751f000 	C:\Windows\system32\kernel32.dll
0x000007fefd3f0000 - 0x000007fefd45b000 	C:\Windows\system32\KERNELBASE.dll
0x000007fef4b40000 - 0x000007fef4b58000 	C:\Program Files\Java\jdk-13.0.2\bin\jli.dll
0x000007fefe430000 - 0x000007fefe50b000 	C:\Windows\system32\ADVAPI32.dll
0x000007fefe0d0000 - 0x000007fefe16f000 	C:\Windows\system32\msvcrt.dll
0x000007fefe410000 - 0x000007fefe42f000 	C:\Windows\SYSTEM32\sechost.dll
0x000007fefd9b0000 - 0x000007fefdadd000 	C:\Windows\system32\RPCRT4.dll
0x000007fefb9d0000 - 0x000007fefbbc4000 	C:\Windows\WinSxS\amd64_microsoft.windows.common-controls_6595b64144ccf1df_6.0.7601.17514_none_fa396087175ac9ac\COMCTL32.dll
0x000007fefe850000 - 0x000007fefe8b7000 	C:\Windows\system32\GDI32.dll
0x0000000077300000 - 0x00000000773fa000 	C:\Windows\system32\USER32.dll
0x000007fefea90000 - 0x000007fefea9e000 	C:\Windows\system32\LPK.dll
0x000007fefe9c0000 - 0x000007fefea89000 	C:\Windows\system32\USP10.dll
0x000007fefd7d0000 - 0x000007fefd841000 	C:\Windows\system32\SHLWAPI.dll
0x000007fefc460000 - 0x000007fefc46c000 	C:\Windows\system32\VERSION.dll
0x000007fef4b20000 - 0x000007fef4b35000 	C:\Program Files\Java\jdk-13.0.2\bin\VCRUNTIME140.dll
0x000007fef5440000 - 0x000007fef5444000 	C:\Program Files\Java\jdk-13.0.2\bin\api-ms-win-crt-runtime-l1-1-0.dll
0x000007feecdb0000 - 0x000007feeceac000 	C:\Program Files\Java\jdk-13.0.2\bin\ucrtbase.DLL
0x000007fef4b10000 - 0x000007fef4b13000 	C:\Program Files\Java\jdk-13.0.2\bin\api-ms-win-core-localization-l1-2-0.dll
0x000007fef4b00000 - 0x000007fef4b03000 	C:\Program Files\Java\jdk-13.0.2\bin\api-ms-win-core-processthreads-l1-1-1.dll
0x000007fef0170000 - 0x000007fef0173000 	C:\Program Files\Java\jdk-13.0.2\bin\api-ms-win-core-file-l1-2-0.dll
0x000007fef0160000 - 0x000007fef0163000 	C:\Program Files\Java\jdk-13.0.2\bin\api-ms-win-core-timezone-l1-1-0.dll
0x000007fef0150000 - 0x000007fef0153000 	C:\Program Files\Java\jdk-13.0.2\bin\api-ms-win-core-file-l2-1-0.dll
0x000007fef0140000 - 0x000007fef0143000 	C:\Program Files\Java\jdk-13.0.2\bin\api-ms-win-core-synch-l1-2-0.dll
0x000007fef0130000 - 0x000007fef0133000 	C:\Program Files\Java\jdk-13.0.2\bin\api-ms-win-crt-heap-l1-1-0.dll
0x000007fef0120000 - 0x000007fef0124000 	C:\Program Files\Java\jdk-13.0.2\bin\api-ms-win-crt-string-l1-1-0.dll
0x000007fef0110000 - 0x000007fef0114000 	C:\Program Files\Java\jdk-13.0.2\bin\api-ms-win-crt-stdio-l1-1-0.dll
0x000007fef0100000 - 0x000007fef0104000 	C:\Program Files\Java\jdk-13.0.2\bin\api-ms-win-crt-convert-l1-1-0.dll
0x000007fef00f0000 - 0x000007fef00f3000 	C:\Program Files\Java\jdk-13.0.2\bin\api-ms-win-crt-environment-l1-1-0.dll
0x000007fef00e0000 - 0x000007fef00e3000 	C:\Program Files\Java\jdk-13.0.2\bin\api-ms-win-crt-filesystem-l1-1-0.dll
0x000007feef950000 - 0x000007feef955000 	C:\Program Files\Java\jdk-13.0.2\bin\api-ms-win-crt-math-l1-1-0.dll
0x000007feee400000 - 0x000007feee403000 	C:\Program Files\Java\jdk-13.0.2\bin\api-ms-win-crt-locale-l1-1-0.dll
0x000007fefe820000 - 0x000007fefe84e000 	C:\Windows\system32\IMM32.DLL
0x000007fefdd90000 - 0x000007fefde99000 	C:\Windows\system32\MSCTF.dll
0x000007feecd10000 - 0x000007feecdab000 	C:\Program Files\Java\jdk-13.0.2\bin\msvcp140.dll
0x000007feee3f0000 - 0x000007feee3f3000 	C:\Program Files\Java\jdk-13.0.2\bin\api-ms-win-crt-time-l1-1-0.dll
0x000007feecd00000 - 0x000007feecd03000 	C:\Program Files\Java\jdk-13.0.2\bin\api-ms-win-crt-utility-l1-1-0.dll
0x000007fed3ca0000 - 0x000007fed47fd000 	C:\Program Files\Java\jdk-13.0.2\bin\server\jvm.dll
0x000007fef7250000 - 0x000007fef7259000 	C:\Windows\system32\WSOCK32.dll
0x000007fefe080000 - 0x000007fefe0cd000 	C:\Windows\system32\WS2_32.dll
0x000007fefe170000 - 0x000007fefe178000 	C:\Windows\system32\NSI.dll
0x000007fefa740000 - 0x000007fefa77b000 	C:\Windows\system32\WINMM.dll
0x00000000776e0000 - 0x00000000776e7000 	C:\Windows\system32\PSAPI.DLL
0x000007feeccf0000 - 0x000007feecd00000 	C:\Program Files\Java\jdk-13.0.2\bin\verify.dll
0x000007fef69a0000 - 0x000007fef6ac5000 	C:\Windows\system32\DBGHELP.DLL
0x000007feeccc0000 - 0x000007feecce6000 	C:\Program Files\Java\jdk-13.0.2\bin\java.dll
0x000007feecc20000 - 0x000007feecc2e000 	C:\Program Files\Java\jdk-13.0.2\bin\instrument.dll
0x000007feecca0000 - 0x000007feeccb7000 	C:\Program Files\Java\jdk-13.0.2\bin\zip.dll
0x000007feecc90000 - 0x000007feecc9a000 	C:\Program Files\Java\jdk-13.0.2\bin\jimage.dll

dbghelp: loaded successfully - version: 4.0.5 - missing functions: none
symbol engine: initialized successfully - sym options: 0x614 - pdb path: .;C:\Program Files\Java\jdk-13.0.2\bin;C:\Windows\SYSTEM32;C:\Windows\WinSxS\amd64_microsoft.windows.common-controls_6595b64144ccf1df_6.0.7601.17514_none_fa396087175ac9ac;C:\Program Files\Java\jdk-13.0.2\bin\server

VM Arguments:
jvm_args: -ea -Didea.test.cyclic.buffer.size=1048576 -javaagent:C:\Program Files\JetBrains\IntelliJ IDEA 2019.3.1\lib\idea_rt.jar=63434:C:\Program Files\JetBrains\IntelliJ IDEA 2019.3.1\bin -Dfile.encoding=UTF-8 
java_command: com.intellij.rt.junit.JUnitStarter -ideVersion5 -junit5 com.codingstudy.login.components.JwtTokenUtilTest,generateToken
java_class_path (initial): C:\Program Files\JetBrains\IntelliJ IDEA 2019.3.1\lib\idea_rt.jar;C:\Program Files\JetBrains\IntelliJ IDEA 2019.3.1\plugins\junit\lib\junit5-rt.jar;C:\Program Files\JetBrains\IntelliJ IDEA 2019.3.1\plugins\junit\lib\junit-rt.jar;D:\全栈教程\源代码\study-part4-springboot\07-codingstudy-login\target\test-classes;D:\全栈教程\源代码\study-part4-springboot\07-codingstudy-login\target\classes;C:\Users\Administrator\.m2\repository\org\springframework\boot\spring-boot-starter-web\2.2.5.RELEASE\spring-boot-starter-web-2.2.5.RELEASE.jar;C:\Users\Administrator\.m2\repository\org\springframework\boot\spring-boot-starter\2.2.5.RELEASE\spring-boot-starter-2.2.5.RELEASE.jar;C:\Users\Administrator\.m2\repository\org\springframework\boot\spring-boot\2.2.5.RELEASE\spring-boot-2.2.5.RELEASE.jar;C:\Users\Administrator\.m2\repository\org\springframework\boot\spring-boot-starter-logging\2.2.5.RELEASE\spring-boot-starter-logging-2.2.5.RELEASE.jar;C:\Users\Administrator\.m2\repository\ch\qos\logback\logback-classic\1.2.3\logback-classic-1.2.3.jar;C:\Users\Administrator\.m2\repository\ch\qos\logback\logback-core\1.2.3\logback-core-1.2.3.jar;C:\Users\Administrator\.m2\repository\org\apache\logging\log4j\log4j-to-slf4j\2.12.1\log4j-to-slf4j-2.12.1.jar;C:\Users\Administrator\.m2\repository\org\apache\logging\log4j\log4j-api\2.12.1\log4j-api-2.12.1.jar;C:\Users\Administrator\.m2\repository\org\slf4j\jul-to-slf4j\1.7.30\jul-to-slf4j-1.7.30.jar;C:\Users\Administrator\.m2\repository\jakarta\annotation\jakarta.annotation-api\1.3.5\jakarta.annotation-api-1.3.5.jar;C:\Users\Administrator\.m2\repository\org\yaml\snakeyaml\1.25\snakeyaml-1.25.jar;C:\Users\Administrator\.m2\repository\org\springframework\boot\spring-boot-starter-json\2.2.5.RELEASE\spring-boot-starter-json-2.2.5.RELEASE.jar;C:\Users\Administrator\.m2\repository\com\fasterxml\jackson\datatype\jackson-datatype-jdk8\2.10.2\jackson-datatype-jdk8-2.10.2.jar;C:\Users\Administrator\.m2\repository\com\fasterxml\jacks
Launcher Type: SUN_STANDARD

[Global flags]
     intx CICompilerCount                          = 3                                         {product} {ergonomic}
     uint ConcGCThreads                            = 1                                         {product} {ergonomic}
     uint G1ConcRefinementThreads                  = 4                                         {product} {ergonomic}
   size_t G1HeapRegionSize                         = 1048576                                   {product} {ergonomic}
    uintx GCDrainStackTargetSize                   = 64                                        {product} {ergonomic}
   size_t InitialHeapSize                          = 134217728                                 {product} {ergonomic}
   size_t MarkStackSize                            = 4194304                                   {product} {ergonomic}
   size_t MaxHeapSize                              = 2116026368                                {product} {ergonomic}
   size_t MaxNewSize                               = 1268776960                                {product} {ergonomic}
   size_t MinHeapDeltaBytes                        = 1048576                                   {product} {ergonomic}
   size_t MinHeapSize                              = 8388608                                   {product} {ergonomic}
    uintx NonNMethodCodeHeapSize                   = 5832780                                {pd product} {ergonomic}
    uintx NonProfiledCodeHeapSize                  = 122912730                              {pd product} {ergonomic}
    uintx ProfiledCodeHeapSize                     = 122912730                              {pd product} {ergonomic}
    uintx ReservedCodeCacheSize                    = 251658240                              {pd product} {ergonomic}
     bool SegmentedCodeCache                       = true                                      {product} {ergonomic}
   size_t SoftMaxHeapSize                          = 2116026368                             {manageable} {ergonomic}
     bool UseCompressedClassPointers               = true                                 {lp64_product} {ergonomic}
     bool UseCompressedOops                        = true                                 {lp64_product} {ergonomic}
     bool UseG1GC                                  = true                                      {product} {ergonomic}
     bool UseLargePagesIndividualAllocation        = false                                  {pd product} {ergonomic}

Logging:
Log output configuration:
 #0: stdout all=warning uptime,level,tags
 #1: stderr all=off uptime,level,tags

Environment Variables:
PATH=C:\Program Files (x86)\Common Files\Oracle\Java\javapath;C:\Python27\;C:\Python27\Scripts;C:\Windows\system32;C:\Windows;C:\Windows\System32\Wbem;C:\Windows\System32\WindowsPowerShell\v1.0\;C:\Program Files\nodejs\;C:\ProgramData\chocolatey\bin;C:\Program Files\Microsoft VS Code\bin;C:\Program Files\Git\cmd;C:\Program Files\MySQL\MySQL Shell 8.0\bin\;C:\Users\Administrator\AppData\Roaming\npm;C:\Program Files\JetBrains\IntelliJ IDEA 2019.3.1\bin;
USERNAME=Administrator
OS=Windows_NT
PROCESSOR_IDENTIFIER=Intel64 Family 6 Model 60 Stepping 3, GenuineIntel



---------------  S Y S T E M  ---------------

OS: Windows 7 , 64 bit Build 7601 (6.1.7601.18409)

CPU:total 4 (initial active 4) (4 cores per cpu, 1 threads per core) family 6 model 60 stepping 3, cmov, cx8, fxsr, mmx, sse, sse2, sse3, ssse3, sse4.1, sse4.2, popcnt, avx, avx2, aes, clmul, erms, lzcnt, tsc, tscinvbit, bmi1, bmi2, fma

Memory: 4k page, system-wide physical 8065M (1059M free)
TotalPageFile size 10111M (AvailPageFile size 216M)
current process WorkingSet (physical memory assigned to process): 14M, peak: 14M
current process commit charge ("private bytes"): 195M, peak: 201M

vm_info: Java HotSpot(TM) 64-Bit Server VM (13.0.2+8) for windows-amd64 JRE (13.0.2+8), built on Dec 11 2019 09:20:33 by "mach5one" with unknown MS VC++:1916

END.
